BookSC/build/outputs/logs/manifest-merger-debug-report.txt
-- Merging decision tree log ---
manifest
ADDED from src/main/AndroidManifest.xml:10:1-139:12
	package
		ADDED from src/main/AndroidManifest.xml:11:5-32
		INJECTED from src/main/AndroidManifest.xml
		INJECTED from src/main/AndroidManifest.xml
	android:versionName
		INJECTED from src/main/AndroidManifest.xml
		INJECTED from src/main/AndroidManifest.xml
	xmlns:android
		ADDED from src/main/AndroidManifest.xml:10:11-69
	android:versionCode
		INJECTED from src/main/AndroidManifest.xml
		INJECTED from src/main/AndroidManifest.xml
uses-permission#android.permission.INTERNET
ADDED from src/main/AndroidManifest.xml:13:5-67
	android:name
		ADDED from src/main/AndroidManifest.xml:13:22-64
uses-permission#android.permission.ACCESS_NETWORK_STATE
ADDED from src/main/AndroidManifest.xml:14:5-79
	android:name
		ADDED from src/main/AndroidManifest.xml:14:22-76
uses-permission#android.permission.WAKE_LOCK
ADDED from src/main/AndroidManifest.xml:15:5-68
	android:name
		ADDED from src/main/AndroidManifest.xml:15:22-65
uses-permission#android.permission.VIBRATE
ADDED from src/main/AndroidManifest.xml:16:5-66
	android:name
		ADDED from src/main/AndroidManifest.xml:16:22-63
uses-permission#android.permission.GET_ACCOUNTS
ADDED from src/main/AndroidManifest.xml:17:5-71
	android:name
		ADDED from src/main/AndroidManifest.xml:17:22-68
uses-permission#com.google.android.c2dm.permission.RECEIVE
ADDED from src/main/AndroidManifest.xml:18:5-82
	android:name
		ADDED from src/main/AndroidManifest.xml:18:22-79
permission#com.parse.starter.permission.C2D_MESSAGE
ADDED from src/main/AndroidManifest.xml:20:5-22:47
	android:protectionLevel
		ADDED from src/main/AndroidManifest.xml:22:9-44
	android:name
		ADDED from src/main/AndroidManifest.xml:21:9-64
uses-permission#com.parse.starter.permission.C2D_MESSAGE
ADDED from src/main/AndroidManifest.xml:24:5-80
	android:name
		ADDED from src/main/AndroidManifest.xml:24:22-77
application
ADDED from src/main/AndroidManifest.xml:26:5-137:19
MERGED from [com.android.support:appcompat-v7:23.1.1] AndroidManifest.xml:22:5-20
MERGED from [com.android.support:support-v4:23.1.1] AndroidManifest.xml:22:5-20
MERGED from [com.android.support:support-v4:23.1.1] AndroidManifest.xml:22:5-20
MERGED from [com.android.support:design:23.1.1] AndroidManifest.xml:22:5-20
MERGED from [com.android.support:appcompat-v7:23.1.1] AndroidManifest.xml:22:5-20
MERGED from [com.android.support:support-v4:23.1.1] AndroidManifest.xml:22:5-20
MERGED from [com.android.support:support-v4:23.1.1] AndroidManifest.xml:22:5-20
MERGED from [com.android.support:support-v4:23.1.1] AndroidManifest.xml:22:5-20
	android:label
		ADDED from src/main/AndroidManifest.xml:30:9-41
	android:allowBackup
		ADDED from src/main/AndroidManifest.xml:28:9-35
	android:icon
		ADDED from src/main/AndroidManifest.xml:29:9-43
	android:theme
		ADDED from src/main/AndroidManifest.xml:31:9-40
	android:name
		ADDED from src/main/AndroidManifest.xml:27:9-43
meta-data#com.parse.APPLICATION_ID
ADDED from src/main/AndroidManifest.xml:32:9-34:52
	android:value
		ADDED from src/main/AndroidManifest.xml:34:13-49
	android:name
		ADDED from src/main/AndroidManifest.xml:33:13-52
meta-data#com.parse.CLIENT_KEY
ADDED from src/main/AndroidManifest.xml:35:9-37:56
	android:value
		ADDED from src/main/AndroidManifest.xml:37:13-53
	android:name
		ADDED from src/main/AndroidManifest.xml:36:13-48
activity#com.parse.starter.MainActivity
ADDED from src/main/AndroidManifest.xml:39:9-46:20
	android:label
		ADDED from src/main/AndroidManifest.xml:41:13-45
	android:theme
		ADDED from src/main/AndroidManifest.xml:42:13-56
	android:name
		ADDED from src/main/AndroidManifest.xml:40:13-41
meta-data#android.app.default_searchable
ADDED from src/main/AndroidManifest.xml:43:13-45:50
	android:value
		ADDED from src/main/AndroidManifest.xml:45:17-47
	android:name
		ADDED from src/main/AndroidManifest.xml:44:17-62
service#com.parse.PushService
ADDED from src/main/AndroidManifest.xml:48:9-57
	android:name
		ADDED from src/main/AndroidManifest.xml:48:18-54
receiver#com.parse.ParsePushBroadcastReceiver
ADDED from src/main/AndroidManifest.xml:50:9-58:20
	android:exported
		ADDED from src/main/AndroidManifest.xml:52:13-37
	android:name
		ADDED from src/main/AndroidManifest.xml:51:13-64
intent-filter#com.parse.push.intent.DELETE+com.parse.push.intent.OPEN+com.parse.push.intent.RECEIVE
ADDED from src/main/AndroidManifest.xml:53:13-57:29
action#com.parse.push.intent.RECEIVE
ADDED from src/main/AndroidManifest.xml:54:17-72
	android:name
		ADDED from src/main/AndroidManifest.xml:54:25-69
action#com.parse.push.intent.DELETE
ADDED from src/main/AndroidManifest.xml:55:17-71
	android:name
		ADDED from src/main/AndroidManifest.xml:55:25-68
action#com.parse.push.intent.OPEN
ADDED from src/main/AndroidManifest.xml:56:17-69
	android:name
		ADDED from src/main/AndroidManifest.xml:56:25-66
receiver#com.parse.GcmBroadcastReceiver
ADDED from src/main/AndroidManifest.xml:59:9-69:20
	android:permission
		ADDED from src/main/AndroidManifest.xml:61:13-73
	android:name
		ADDED from src/main/AndroidManifest.xml:60:13-58
intent-filter#com.google.android.c2dm.intent.RECEIVE+com.google.android.c2dm.intent.REGISTRATION+com.parse.starter
ADDED from src/main/AndroidManifest.xml:62:13-68:29
action#com.google.android.c2dm.intent.RECEIVE
ADDED from src/main/AndroidManifest.xml:63:17-81
	android:name
		ADDED from src/main/AndroidManifest.xml:63:25-78
action#com.google.android.c2dm.intent.REGISTRATION
ADDED from src/main/AndroidManifest.xml:64:17-86
	android:name
		ADDED from src/main/AndroidManifest.xml:64:25-83
category#com.parse.starter
ADDED from src/main/AndroidManifest.xml:67:17-62
	android:name
		ADDED from src/main/AndroidManifest.xml:67:27-59
activity#com.parse.starter.GuestMain
ADDED from src/main/AndroidManifest.xml:71:9-78:20
	android:label
		ADDED from src/main/AndroidManifest.xml:73:13-62
	android:theme
		ADDED from src/main/AndroidManifest.xml:74:13-56
	android:name
		ADDED from src/main/AndroidManifest.xml:72:13-38
activity#com.parse.starter.RegisterActivity
ADDED from src/main/AndroidManifest.xml:79:9-83:20
	android:label
		ADDED from src/main/AndroidManifest.xml:81:13-60
	android:theme
		ADDED from src/main/AndroidManifest.xml:82:13-56
	android:name
		ADDED from src/main/AndroidManifest.xml:80:13-45
activity#com.parse.starter.Create_Profile_Activity
ADDED from src/main/AndroidManifest.xml:84:9-92:20
	android:label
		ADDED from src/main/AndroidManifest.xml:86:13-68
	android:parentActivityName
		ADDED from src/main/AndroidManifest.xml:87:13-59
	android:theme
		ADDED from src/main/AndroidManifest.xml:88:13-56
	android:name
		ADDED from src/main/AndroidManifest.xml:85:13-52
meta-data#android.support.PARENT_ACTIVITY
ADDED from src/main/AndroidManifest.xml:89:13-91:70
	android:value
		ADDED from src/main/AndroidManifest.xml:91:17-67
	android:name
		ADDED from src/main/AndroidManifest.xml:90:17-63
activity#com.parse.starter.LoginActivity
ADDED from src/main/AndroidManifest.xml:93:9-102:20
	android:label
		ADDED from src/main/AndroidManifest.xml:95:13-57
	android:theme
		ADDED from src/main/AndroidManifest.xml:96:13-56
	android:name
		ADDED from src/main/AndroidManifest.xml:94:13-42
intent-filter#android.intent.action.MAIN+android.intent.category.LAUNCHER
ADDED from src/main/AndroidManifest.xml:97:13-101:29
action#android.intent.action.MAIN
ADDED from src/main/AndroidManifest.xml:98:17-69
	android:name
		ADDED from src/main/AndroidManifest.xml:98:25-66
category#android.intent.category.LAUNCHER
ADDED from src/main/AndroidManifest.xml:100:17-77
	android:name
		ADDED from src/main/AndroidManifest.xml:100:27-74
activity#com.parse.starter.CreateBook
ADDED from src/main/AndroidManifest.xml:103:9-107:20
	android:label
		ADDED from src/main/AndroidManifest.xml:105:13-63
	android:theme
		ADDED from src/main/AndroidManifest.xml:106:13-56
	android:name
		ADDED from src/main/AndroidManifest.xml:104:13-39
activity#com.parse.starter.SearchResults
ADDED from src/main/AndroidManifest.xml:108:9-124:20
	android:label
		ADDED from src/main/AndroidManifest.xml:110:13-66
	android:parentActivityName
		ADDED from src/main/AndroidManifest.xml:112:13-55
	android:theme
		ADDED from src/main/AndroidManifest.xml:111:13-56
	android:name
		ADDED from src/main/AndroidManifest.xml:109:13-42
intent-filter#android.intent.action.SEARCH
ADDED from src/main/AndroidManifest.xml:114:13-116:29
action#android.intent.action.SEARCH
ADDED from src/main/AndroidManifest.xml:115:17-71
	android:name
		ADDED from src/main/AndroidManifest.xml:115:25-68
meta-data#android.app.searchable
ADDED from src/main/AndroidManifest.xml:118:13-120:54
	android:resource
		ADDED from src/main/AndroidManifest.xml:120:17-51
	android:name
		ADDED from src/main/AndroidManifest.xml:119:17-54
activity#com.parse.starter.ChatMainActivity
ADDED from src/main/AndroidManifest.xml:125:9-130:20
	android:label
		ADDED from src/main/AndroidManifest.xml:127:13-61
	android:parentActivityName
		ADDED from src/main/AndroidManifest.xml:128:13-72
	android:theme
		ADDED from src/main/AndroidManifest.xml:129:13-56
	android:name
		ADDED from src/main/AndroidManifest.xml:126:13-45
activity#com.parse.starter.ChatActivity
ADDED from src/main/AndroidManifest.xml:131:9-136:20
	android:label
		ADDED from src/main/AndroidManifest.xml:133:13-56
	android:parentActivityName
		ADDED from src/main/AndroidManifest.xml:134:13-76
	android:theme
		ADDED from src/main/AndroidManifest.xml:135:13-56
	android:name
		ADDED from src/main/AndroidManifest.xml:132:13-41
uses-sdk
INJECTED from src/main/AndroidManifest.xml reason: use-sdk injection requested
MERGED from [com.android.support:appcompat-v7:23.1.1] AndroidManifest.xml:20:5-43
MERGED from [com.android.support:support-v4:23.1.1] AndroidManifest.xml:20:5-43
MERGED from [com.android.support:support-v4:23.1.1] AndroidManifest.xml:20:5-43
MERGED from [com.android.support:design:23.1.1] AndroidManifest.xml:20:5-43
MERGED from [com.android.support:appcompat-v7:23.1.1] AndroidManifest.xml:20:5-43
MERGED from [com.android.support:support-v4:23.1.1] AndroidManifest.xml:20:5-43
MERGED from [com.android.support:recyclerview-v7:23.1.1] AndroidManifest.xml:20:5-43
MERGED from [com.android.support:support-v4:23.1.1] AndroidManifest.xml:20:5-43
MERGED from [com.android.support:support-v4:23.1.1] AndroidManifest.xml:20:5-43
	android:targetSdkVersion
		INJECTED from src/main/AndroidManifest.xml
		INJECTED from src/main/AndroidManifest.xml
	android:minSdkVersion
		INJECTED from src/main/AndroidManifest.xml
		INJECTED from src/main/AndroidManifest.xml